<?xml version="1.0" encoding="UTF-8"?>
<!-- Generated by org.testng.reporters.JUnitXMLReporter -->
<testsuite ignored="0" hostname="Maheeps-MacBook-Air.local" failures="0" tests="4" name="Test for OrderSubmit" time="57.843" errors="0" timestamp="2025-06-02T10:27:58 IST">
  <testcase classname="practise.TestComponents.BaseTest" name="@BeforeMethod launchApp" time="16.532">
    <failure type="org.openqa.selenium.SessionNotCreatedException" message="Could not start a new session. Response code 500. Message: Could not create a session: The automation session ended unexpected while attempting to pair with it. 
Host info: host: &amp;apos;Maheeps-MacBook-Air.local&amp;apos;, ip: &amp;apos;2401:4900:4e7a:25af:4c41:20ba:fb44:30c%en0&amp;apos;
Build info: version: &amp;apos;4.32.0&amp;apos;, revision: &amp;apos;d17c8aa950&amp;apos;
System info: os.name: &amp;apos;Mac OS X&amp;apos;, os.arch: &amp;apos;aarch64&amp;apos;, os.version: &amp;apos;15.5&amp;apos;, java.version: &amp;apos;24.0.1&amp;apos;
Driver info: org.openqa.selenium.safari.SafariDriver
Command: [null, newSession {capabilities=[Capabilities {browserName: safari}]}]
Capabilities {browserName: safari}">
      <![CDATA[org.openqa.selenium.SessionNotCreatedException: Could not start a new session. Response code 500. Message: Could not create a session: The automation session ended unexpected while attempting to pair with it. 
Host info: host: 'Maheeps-MacBook-Air.local', ip: '2401:4900:4e7a:25af:4c41:20ba:fb44:30c%en0'
Build info: version: '4.32.0', revision: 'd17c8aa950'
System info: os.name: 'Mac OS X', os.arch: 'aarch64', os.version: '15.5', java.version: '24.0.1'
Driver info: org.openqa.selenium.safari.SafariDriver
Command: [null, newSession {capabilities=[Capabilities {browserName: safari}]}]
Capabilities {browserName: safari}
at org.openqa.selenium.remote.ProtocolHandshake.createSession(ProtocolHandshake.java:114)
at org.openqa.selenium.remote.ProtocolHandshake.createSession(ProtocolHandshake.java:75)
at org.openqa.selenium.remote.ProtocolHandshake.createSession(ProtocolHandshake.java:61)
at org.openqa.selenium.remote.HttpCommandExecutor.execute(HttpCommandExecutor.java:187)
at org.openqa.selenium.remote.service.DriverCommandExecutor.invokeExecute(DriverCommandExecutor.java:216)
at org.openqa.selenium.remote.service.DriverCommandExecutor.execute(DriverCommandExecutor.java:174)
at org.openqa.selenium.remote.RemoteWebDriver.execute(RemoteWebDriver.java:545)
at org.openqa.selenium.remote.RemoteWebDriver.startSession(RemoteWebDriver.java:245)
at org.openqa.selenium.remote.RemoteWebDriver.<init>(RemoteWebDriver.java:174)
at org.openqa.selenium.safari.SafariDriver.<init>(SafariDriver.java:84)
at org.openqa.selenium.safari.SafariDriver.<init>(SafariDriver.java:80)
at org.openqa.selenium.safari.SafariDriver.<init>(SafariDriver.java:57)
at org.openqa.selenium.safari.SafariDriver.<init>(SafariDriver.java:48)
at practise.TestComponents.BaseTest.driverInvoke(BaseTest.java:47)
at practise.TestComponents.BaseTest.launchApp(BaseTest.java:59)
at java.base/java.util.ArrayList.forEach(ArrayList.java:1604)
at java.base/java.util.concurrent.FutureTask.run(FutureTask.java:328)
at java.base/java.util.concurrent.ThreadPoolExecutor.runWorker(ThreadPoolExecutor.java:1095)
at java.base/java.util.concurrent.ThreadPoolExecutor$Worker.run(ThreadPoolExecutor.java:619)
at java.base/java.lang.Thread.run(Thread.java:1447)
... Removed 19 stack frames]]>
    </failure>
  </testcase> <!-- @BeforeMethod launchApp -->
  <testcase classname="practise.TestComponents.BaseTest" name="@AfterMethod closeSession" time="0.0">
    <skipped/>
  </testcase> <!-- @AfterMethod closeSession -->
  <testcase classname="practise.TestComponents.BaseTest" name="@BeforeMethod launchApp" time="0.0">
    <skipped/>
  </testcase> <!-- @BeforeMethod launchApp -->
  <testcase classname="practise.TestComponents.BaseTest" name="@AfterMethod closeSession" time="0.0">
    <skipped/>
  </testcase> <!-- @AfterMethod closeSession -->
  <testcase classname="practise.Framework.StandAloneTest" name="submitOrder" time="4.455"/>
  <testcase classname="practise.Framework.StandAloneTest" name="submitOrder" time="4.359"/>
  <testcase classname="practise.Framework.StandAloneTest" name="order_info" time="1.303"/>
  <testcase classname="practise.Framework.StandAloneTest" name="order_info" time="1.237"/>
</testsuite> <!-- Test for OrderSubmit -->
